<?xml version="1.0" encoding="UTF-8"?>
<testng-results ignored="0" total="1" passed="0" failed="1" skipped="0">
  <reporter-output>
  </reporter-output>
  <suite started-at="2020-06-28T20:12:54 IST" name="Default suite" finished-at="2020-06-28T20:14:16 IST" duration-ms="81470">
    <groups>
    </groups>
    <test started-at="2020-06-28T20:12:54 IST" name="Default test" finished-at="2020-06-28T20:14:16 IST" duration-ms="81470">
      <class name="requirement.Tests">
        <test-method is-config="true" signature="setUp()[pri:0, instance:requirement.Tests@16a0ee18]" started-at="2020-06-28T20:12:54 IST" name="setUp" finished-at="2020-06-28T20:13:26 IST" duration-ms="31430" status="PASS">
          <reporter-output>
          </reporter-output>
        </test-method> <!-- setUp -->
        <test-method is-config="true" signature="setResultToFalse()[pri:0, instance:requirement.Tests@16a0ee18]" started-at="2020-06-28T20:13:26 IST" name="setResultToFalse" finished-at="2020-06-28T20:13:26 IST" duration-ms="20" status="PASS">
          <reporter-output>
          </reporter-output>
        </test-method> <!-- setResultToFalse -->
        <test-method signature="shopProduct()[pri:0, instance:requirement.Tests@16a0ee18]" started-at="2020-06-28T20:13:26 IST" name="shopProduct" description="Shop in amazon application" finished-at="2020-06-28T20:14:13 IST" duration-ms="47248" status="FAIL">
          <exception class="org.openqa.selenium.NoSuchElementException">
            <message>
              <![CDATA[An element could not be located on the page using the given search parameters.
For documentation on this error, please visit: http://seleniumhq.org/exceptions/no_such_element.html
Build info: version: '3.12.0', revision: '7c6e0b3', time: '2018-05-08T14:04:26.12Z'
System info: host: 'DESKTOP-VOG90J9', ip: '192.168.0.106', os.name: 'Windows 10', os.arch: 'amd64', os.version: '10.0', java.version: '12.0.2'
Driver info: io.appium.java_client.android.AndroidDriver
Capabilities {app: C:\Users\91888\git\Shopping..., appActivity: com.amazon.mShop.home.HomeA..., appPackage: in.amazon.mShop.android.sho..., autoGrantPermissions: true, databaseEnabled: false, desired: {app: C:\Users\91888\git\Shopping..., appActivity: com.amazon.mShop.home.HomeA..., appPackage: in.amazon.mShop.android.sho..., autoGrantPermissions: true, device: Android, deviceName: mi, newCommandTimeout: 2000000, platformName: android, platformVersion: 9, udid: 49f1099}, device: Android, deviceApiLevel: 29, deviceManufacturer: Xiaomi, deviceModel: Mi A2, deviceName: 49f1099, deviceScreenDensity: 480, deviceScreenSize: 1080x2160, deviceUDID: 49f1099, javascriptEnabled: true, locationContextEnabled: false, networkConnectionEnabled: true, newCommandTimeout: 2000000, pixelRatio: 3, platform: LINUX, platformName: Android, platformVersion: 10, statBarHeight: 72, takesScreenshot: true, udid: 49f1099, viewportRect: {height: 1944, left: 0, top: 72, width: 1080}, warnings: {}, webStorageEnabled: false}
Session ID: ea95918d-5c8d-47a5-906d-888963778ed1
*** Element info: {Using=id, value=in.amazon.mShop.android.shopping:id/login_accordion_header}]]>
            </message>
            <full-stacktrace>
              <![CDATA[org.openqa.selenium.NoSuchElementException: An element could not be located on the page using the given search parameters.
For documentation on this error, please visit: http://seleniumhq.org/exceptions/no_such_element.html
Build info: version: '3.12.0', revision: '7c6e0b3', time: '2018-05-08T14:04:26.12Z'
System info: host: 'DESKTOP-VOG90J9', ip: '192.168.0.106', os.name: 'Windows 10', os.arch: 'amd64', os.version: '10.0', java.version: '12.0.2'
Driver info: io.appium.java_client.android.AndroidDriver
Capabilities {app: C:\Users\91888\git\Shopping..., appActivity: com.amazon.mShop.home.HomeA..., appPackage: in.amazon.mShop.android.sho..., autoGrantPermissions: true, databaseEnabled: false, desired: {app: C:\Users\91888\git\Shopping..., appActivity: com.amazon.mShop.home.HomeA..., appPackage: in.amazon.mShop.android.sho..., autoGrantPermissions: true, device: Android, deviceName: mi, newCommandTimeout: 2000000, platformName: android, platformVersion: 9, udid: 49f1099}, device: Android, deviceApiLevel: 29, deviceManufacturer: Xiaomi, deviceModel: Mi A2, deviceName: 49f1099, deviceScreenDensity: 480, deviceScreenSize: 1080x2160, deviceUDID: 49f1099, javascriptEnabled: true, locationContextEnabled: false, networkConnectionEnabled: true, newCommandTimeout: 2000000, pixelRatio: 3, platform: LINUX, platformName: Android, platformVersion: 10, statBarHeight: 72, takesScreenshot: true, udid: 49f1099, viewportRect: {height: 1944, left: 0, top: 72, width: 1080}, warnings: {}, webStorageEnabled: false}
Session ID: ea95918d-5c8d-47a5-906d-888963778ed1
*** Element info: {Using=id, value=in.amazon.mShop.android.shopping:id/login_accordion_header}
at java.base/jdk.internal.reflect.NativeConstructorAccessorImpl.newInstance0(Native Method)
at java.base/jdk.internal.reflect.NativeConstructorAccessorImpl.newInstance(NativeConstructorAccessorImpl.java:62)
at java.base/jdk.internal.reflect.DelegatingConstructorAccessorImpl.newInstance(DelegatingConstructorAccessorImpl.java:45)
at java.base/java.lang.reflect.Constructor.newInstanceWithCaller(Constructor.java:500)
at java.base/java.lang.reflect.Constructor.newInstance(Constructor.java:481)
at org.openqa.selenium.remote.http.W3CHttpResponseCodec.createException(W3CHttpResponseCodec.java:187)
at org.openqa.selenium.remote.http.W3CHttpResponseCodec.decode(W3CHttpResponseCodec.java:122)
at org.openqa.selenium.remote.http.W3CHttpResponseCodec.decode(W3CHttpResponseCodec.java:49)
at org.openqa.selenium.remote.HttpCommandExecutor.execute(HttpCommandExecutor.java:158)
at io.appium.java_client.remote.AppiumCommandExecutor.execute(AppiumCommandExecutor.java:231)
at org.openqa.selenium.remote.RemoteWebDriver.execute(RemoteWebDriver.java:543)
at io.appium.java_client.DefaultGenericMobileDriver.execute(DefaultGenericMobileDriver.java:42)
at io.appium.java_client.AppiumDriver.execute(AppiumDriver.java:1)
at io.appium.java_client.android.AndroidDriver.execute(AndroidDriver.java:1)
at org.openqa.selenium.remote.RemoteWebDriver.findElement(RemoteWebDriver.java:317)
at io.appium.java_client.DefaultGenericMobileDriver.findElement(DefaultGenericMobileDriver.java:62)
at io.appium.java_client.AppiumDriver.findElement(AppiumDriver.java:1)
at io.appium.java_client.android.AndroidDriver.findElement(AndroidDriver.java:1)
at org.openqa.selenium.remote.RemoteWebDriver.findElementById(RemoteWebDriver.java:363)
at io.appium.java_client.DefaultGenericMobileDriver.findElementById(DefaultGenericMobileDriver.java:70)
at io.appium.java_client.AppiumDriver.findElementById(AppiumDriver.java:1)
at io.appium.java_client.android.AndroidDriver.findElementById(AndroidDriver.java:1)
at org.openqa.selenium.By$ById.findElement(By.java:188)
at org.openqa.selenium.remote.RemoteWebDriver.findElement(RemoteWebDriver.java:309)
at io.appium.java_client.DefaultGenericMobileDriver.findElement(DefaultGenericMobileDriver.java:58)
at io.appium.java_client.AppiumDriver.findElement(AppiumDriver.java:1)
at io.appium.java_client.android.AndroidDriver.findElement(AndroidDriver.java:1)
at qaFramework.PageObject.PageObject.getElement(PageObject.java:88)
at qaFramework.PageObject.PageObject.waitForElementIsVisible(PageObject.java:209)
at page.LoginPage.verifyLoginEnabled(LoginPage.java:23)
at page.LoginPage.loginToApplication(LoginPage.java:57)
at requirement.Tests.shopProduct(Tests.java:41)
at java.base/jdk.internal.reflect.NativeMethodAccessorImpl.invoke0(Native Method)
at java.base/jdk.internal.reflect.NativeMethodAccessorImpl.invoke(NativeMethodAccessorImpl.java:62)
at java.base/jdk.internal.reflect.DelegatingMethodAccessorImpl.invoke(DelegatingMethodAccessorImpl.java:43)
at java.base/java.lang.reflect.Method.invoke(Method.java:567)
at org.testng.internal.MethodInvocationHelper.invokeMethod(MethodInvocationHelper.java:135)
at org.testng.internal.TestInvoker.invokeMethod(TestInvoker.java:598)
at org.testng.internal.TestInvoker.invokeTestMethod(TestInvoker.java:174)
at org.testng.internal.MethodRunner.runInSequence(MethodRunner.java:46)
at org.testng.internal.TestInvoker$MethodInvocationAgent.invoke(TestInvoker.java:821)
at org.testng.internal.TestInvoker.invokeTestMethods(TestInvoker.java:147)
at org.testng.internal.TestMethodWorker.invokeTestMethods(TestMethodWorker.java:146)
at org.testng.internal.TestMethodWorker.run(TestMethodWorker.java:128)
at java.base/java.util.ArrayList.forEach(ArrayList.java:1540)
at org.testng.TestRunner.privateRun(TestRunner.java:767)
at org.testng.TestRunner.run(TestRunner.java:588)
at org.testng.SuiteRunner.runTest(SuiteRunner.java:384)
at org.testng.SuiteRunner.runSequentially(SuiteRunner.java:378)
at org.testng.SuiteRunner.privateRun(SuiteRunner.java:337)
at org.testng.SuiteRunner.run(SuiteRunner.java:286)
at org.testng.SuiteRunnerWorker.runSuite(SuiteRunnerWorker.java:53)
at org.testng.SuiteRunnerWorker.run(SuiteRunnerWorker.java:96)
at org.testng.TestNG.runSuitesSequentially(TestNG.java:1214)
at org.testng.TestNG.runSuitesLocally(TestNG.java:1136)
at org.testng.TestNG.runSuites(TestNG.java:1066)
at org.testng.TestNG.run(TestNG.java:1034)
at org.testng.remote.AbstractRemoteTestNG.run(AbstractRemoteTestNG.java:115)
at org.testng.remote.RemoteTestNG.initAndRun(RemoteTestNG.java:251)
at org.testng.remote.RemoteTestNG.main(RemoteTestNG.java:77)
]]>
            </full-stacktrace>
          </exception> <!-- org.openqa.selenium.NoSuchElementException -->
          <reporter-output>
          </reporter-output>
        </test-method> <!-- shopProduct -->
        <test-method is-config="true" signature="tearDown(org.testng.ITestResult)[pri:0, instance:requirement.Tests@16a0ee18]" started-at="2020-06-28T20:14:13 IST" name="tearDown" finished-at="2020-06-28T20:14:15 IST" duration-ms="1979" status="PASS">
          <params>
            <param index="0">
              <value>
                <![CDATA[[TestResult name=shopProduct status=FAILURE method=Tests.shopProduct()[pri:0, instance:requirement.Tests@16a0ee18] output={null}]]]>
              </value>
            </param>
          </params>
          <reporter-output>
          </reporter-output>
        </test-method> <!-- tearDown -->
        <test-method is-config="true" signature="tearDown()[pri:0, instance:requirement.Tests@16a0ee18]" started-at="2020-06-28T20:14:15 IST" name="tearDown" finished-at="2020-06-28T20:14:16 IST" duration-ms="676" status="PASS">
          <reporter-output>
          </reporter-output>
        </test-method> <!-- tearDown -->
      </class> <!-- requirement.Tests -->
    </test> <!-- Default test -->
  </suite> <!-- Default suite -->
</testng-results>
